Info: Starting: Create simulation model
Info: ip-generate --project-directory=E:/study/Labs/Verify/qlab5/ --output-directory=E:/study/Labs/Verify/qlab5/qlab5/simulation/ --file-set=SIM_VERILOG --report-file=sopcinfo:E:/study/Labs/Verify/qlab5/qlab5.sopcinfo --report-file=html:E:/study/Labs/Verify/qlab5/qlab5.html --report-file=sip:E:/study/Labs/Verify/qlab5/qlab5/simulation/qlab5.sip --report-file=csv:E:/study/Labs/Verify/qlab5/qlab5.csv --report-file=spd:E:/study/Labs/Verify/qlab5/qlab5.spd --report-file=cmp:E:/study/Labs/Verify/qlab5/qlab5.cmp --system-info=DEVICE_FAMILY="Cyclone II" --system-info=DEVICE=EP2C5Q208C8 --system-info=DEVICE_SPEEDGRADE=8 --component-file=E:/study/Labs/Verify/qlab5/qlab5.qsys
Progress: Loading qlab5/qlab5.qsys
Progress: Reading input file
Progress: Adding clk_0 [clock_source 12.1]
Progress: Parameterizing module clk_0
Progress: Adding nios2_qsys_0 [altera_nios2_qsys 12.1]
Progress: Parameterizing module nios2_qsys_0
Progress: Adding onchip_memory2_0 [altera_avalon_onchip_memory2 12.1]
Progress: Parameterizing module onchip_memory2_0
Progress: Adding pio_0 [altera_avalon_pio 12.1]
Progress: Parameterizing module pio_0
Progress: Building connections
Progress: Parameterizing connections
Progress: Validating
Progress: Done reading input file
Warning: qlab5.nios2_qsys_0: No Debugger.  You will not be able to download or debug programs
Info: qlab5.onchip_memory2_0: Memory will be initialized from onchip_memory2_0.hex
Info: qlab5: Generating qlab5 "qlab5" for SIM_VERILOG
Info: pipeline_bridge_swap_transform: After transform: 4 modules, 8 connections
Info: No custom instruction connections, skipping transform 
Info: merlin_translator_transform: After transform: 8 modules, 20 connections
Info: merlin_domain_transform: After transform: 12 modules, 38 connections
Info: merlin_router_transform: After transform: 14 modules, 44 connections
Info: reset_adaptation_transform: After transform: 15 modules, 46 connections
Info: merlin_network_to_switch_transform: After transform: 18 modules, 52 connections
Info: merlin_interrupt_mapper_transform: After transform: 19 modules, 55 connections
Info: nios2_qsys_0: Starting RTL generation for module 'qlab5_nios2_qsys_0'
Info: nios2_qsys_0:   Generation command is [exec C:/altera/12.1sp1/quartus/../ip/altera/nios2_ip/altera_nios2/eperl.exe -I C:/altera/12.1sp1/quartus/common/ip/altera/common/perl/5.8.3 -I C:/altera/12.1sp1/quartus/sopc_builder/bin/europa -I C:/altera/12.1sp1/quartus/sopc_builder/bin/perl_lib -I C:/altera/12.1sp1/quartus/sopc_builder/bin -I C:/altera/12.1sp1/quartus/../ip/altera/nios2_ip/altera_nios2/cpu_lib -I C:/altera/12.1sp1/quartus/../ip/altera/nios2_ip/altera_nios2/nios_lib -I C:/altera/12.1sp1/quartus/../ip/altera/nios2_ip/altera_nios2 -I C:/altera/12.1sp1/quartus/../ip/altera/nios2_ip/altera_nios2 -- C:/altera/12.1sp1/quartus/../ip/altera/nios2_ip/altera_nios2/generate_rtl.epl --name=qlab5_nios2_qsys_0 --dir=C:/Users/MARO4_~1/AppData/Local/Temp/alt8321_4810656303278508058.dir/0117_nios2_qsys_0_gen/ --quartus_dir=C:/altera/12.1sp1/quartus --verilog --config=C:/Users/MARO4_~1/AppData/Local/Temp/alt8321_4810656303278508058.dir/0117_nios2_qsys_0_gen//qlab5_nios2_qsys_0_processor_configuration.pl  --do_build_sim=1    --sim_dir=C:/Users/MARO4_~1/AppData/Local/Temp/alt8321_4810656303278508058.dir/0117_nios2_qsys_0_gen/    --bogus  ]
Info: nios2_qsys_0: # 2020.02.29 18:48:28 (*) Starting Nios II generation
Info: nios2_qsys_0: # 2020.02.29 18:48:28 (*)   Checking for plaintext license.
Info: nios2_qsys_0: # 2020.02.29 18:48:29 (*)   Couldn't query license setup in Quartus directory C:/altera/12.1sp1/quartus
Info: nios2_qsys_0: # 2020.02.29 18:48:29 (*)   Defaulting to contents of LM_LICENSE_FILE environment variable
Info: nios2_qsys_0: # 2020.02.29 18:48:29 (*)   Plaintext license not found.
Info: nios2_qsys_0: # 2020.02.29 18:48:29 (*)   No license required to generate encrypted Nios II/e.
Info: nios2_qsys_0: # 2020.02.29 18:48:29 (*)   Elaborating CPU configuration settings
Info: nios2_qsys_0: # 2020.02.29 18:48:29 (*)   Creating all objects for CPU
Info: nios2_qsys_0: # 2020.02.29 18:48:30 (*)   Creating 'C:/Users/MARO4_~1/AppData/Local/Temp/alt8321_4810656303278508058.dir/0117_nios2_qsys_0_gen//qlab5_nios2_qsys_0.do'
Info: nios2_qsys_0: # 2020.02.29 18:48:30 (*)   Generating RTL from CPU objects
Info: nios2_qsys_0: # 2020.02.29 18:48:30 (*)   Creating plain-text RTL
Info: nios2_qsys_0: # 2020.02.29 18:48:30 (*) Done Nios II generation
Info: nios2_qsys_0: Done RTL generation for module 'qlab5_nios2_qsys_0'
Info: nios2_qsys_0: "qlab5" instantiated altera_nios2_qsys "nios2_qsys_0"
Info: Starting classic module elaboration.
      1 [main] sh 8632 find_fast_cwd: WARNING: Couldn't compute FAST_CWD pointer.  Please report this problem to
the public mailing list cygwin@cygwin.com
Qt: Untested Windows version 6.2 detected!
"c:/altera/12.1sp1/quartus/bin/jre/bin/java.exe" -Xmx512M -classpath "c:/altera/12.1sp1/quartus/sopc_builder/bin/sopc_builder.jar;c:/altera/12.1sp1/quartus/sopc_builder/bin/PinAssigner.jar;c:/altera/12.1sp1/quartus/sopc_builder/bin/sopc_wizard.jar;c:/altera/12.1sp1/quartus/sopc_builder/bin/jptf.jar" sopc_builder.sopc_builder  -d"c:/altera/12.1sp1/quartus/sopc_builder" -notalkback=1 -projectnameyysystem.qpf -projectpathC:/Users/MARO4_~1/AppData/Local/Temp/alt8321_4810656303278508058.dir/0118_sopclgen  --no_splash --refresh C:/Users/MARO4_~1/AppData/Local/Temp/alt8321_4810656303278508058.dir/0118_sopclgen/yysystem.v --quartus_dir="c:/altera/12.1sp1/quartus" --sopc_perl="c:/altera/12.1sp1/quartus/bin/perl" --sopc_lib_path="++c:/altera/12.1sp1/quartus/../ip/altera/sopc_builder_ip+c:/altera/12.1sp1/quartus/../ip/altera/nios2_ip"
Info: Finished elaborating classic module.
Executing: C:/altera/12.1sp1/quartus//sopc_builder/bin/sopc_builder --classic --generate C:/Users/MARO4_~1/AppData/Local/Temp/alt8321_4810656303278508058.dir/0118_sopclgen/yysystem.ptf
Info: Running sopc_builder...
      1 [main] sh 7904 find_fast_cwd: WARNING: Couldn't compute FAST_CWD pointer.  Please report this problem to
the public mailing list cygwin@cygwin.com
Qt: Untested Windows version 6.2 detected!
"c:/altera/12.1sp1/quartus/bin/jre/bin/java.exe" -Xmx512M -classpath "c:/altera/12.1sp1/quartus/sopc_builder/bin/sopc_builder.jar;c:/altera/12.1sp1/quartus/sopc_builder/bin/PinAssigner.jar;c:/altera/12.1sp1/quartus/sopc_builder/bin/sopc_wizard.jar;c:/altera/12.1sp1/quartus/sopc_builder/bin/jptf.jar" sopc_builder.sopc_builder  -d"c:/altera/12.1sp1/quartus/sopc_builder" -notalkback=1 -projectnameyysystem.qpf -projectpathC:/Users/MARO4_~1/AppData/Local/Temp/alt8321_4810656303278508058.dir/0118_sopclgen  --generate C:/Users/MARO4_~1/AppData/Local/Temp/alt8321_4810656303278508058.dir/0118_sopclgen/yysystem.v --quartus_dir="c:/altera/12.1sp1/quartus" --sopc_perl="c:/altera/12.1sp1/quartus/bin/perl" --sopc_lib_path="++c:/altera/12.1sp1/quartus/../ip/altera/sopc_builder_ip+c:/altera/12.1sp1/quartus/../ip/altera/nios2_ip"
No .sopc_builder configuration file(!)
.
# 2020.02.29 18:48:36 (*) Success: sopc_builder finished.
Info: onchip_memory2_0: "qlab5" instantiated altera_avalon_onchip_memory2 "onchip_memory2_0"
Info: Starting classic module elaboration.
      1 [main] sh 11036 find_fast_cwd: WARNING: Couldn't compute FAST_CWD pointer.  Please report this problem to
the public mailing list cygwin@cygwin.com
Qt: Untested Windows version 6.2 detected!
"c:/altera/12.1sp1/quartus/bin/jre/bin/java.exe" -Xmx512M -classpath "c:/altera/12.1sp1/quartus/sopc_builder/bin/sopc_builder.jar;c:/altera/12.1sp1/quartus/sopc_builder/bin/PinAssigner.jar;c:/altera/12.1sp1/quartus/sopc_builder/bin/sopc_wizard.jar;c:/altera/12.1sp1/quartus/sopc_builder/bin/jptf.jar" sopc_builder.sopc_builder  -d"c:/altera/12.1sp1/quartus/sopc_builder" -notalkback=1 -projectnameyysystem.qpf -projectpathC:/Users/MARO4_~1/AppData/Local/Temp/alt8321_4810656303278508058.dir/0119_sopclgen  --no_splash --refresh C:/Users/MARO4_~1/AppData/Local/Temp/alt8321_4810656303278508058.dir/0119_sopclgen/yysystem.v --quartus_dir="c:/altera/12.1sp1/quartus" --sopc_perl="c:/altera/12.1sp1/quartus/bin/perl" --sopc_lib_path="++c:/altera/12.1sp1/quartus/../ip/altera/sopc_builder_ip+c:/altera/12.1sp1/quartus/../ip/altera/nios2_ip"
Info: Finished elaborating classic module.
Executing: C:/altera/12.1sp1/quartus//sopc_builder/bin/sopc_builder --classic --generate C:/Users/MARO4_~1/AppData/Local/Temp/alt8321_4810656303278508058.dir/0119_sopclgen/yysystem.ptf
Info: Running sopc_builder...
      1 [main] sh 7912 find_fast_cwd: WARNING: Couldn't compute FAST_CWD pointer.  Please report this problem to
the public mailing list cygwin@cygwin.com
Qt: Untested Windows version 6.2 detected!
"c:/altera/12.1sp1/quartus/bin/jre/bin/java.exe" -Xmx512M -classpath "c:/altera/12.1sp1/quartus/sopc_builder/bin/sopc_builder.jar;c:/altera/12.1sp1/quartus/sopc_builder/bin/PinAssigner.jar;c:/altera/12.1sp1/quartus/sopc_builder/bin/sopc_wizard.jar;c:/altera/12.1sp1/quartus/sopc_builder/bin/jptf.jar" sopc_builder.sopc_builder  -d"c:/altera/12.1sp1/quartus/sopc_builder" -notalkback=1 -projectnameyysystem.qpf -projectpathC:/Users/MARO4_~1/AppData/Local/Temp/alt8321_4810656303278508058.dir/0119_sopclgen  --generate C:/Users/MARO4_~1/AppData/Local/Temp/alt8321_4810656303278508058.dir/0119_sopclgen/yysystem.v --quartus_dir="c:/altera/12.1sp1/quartus" --sopc_perl="c:/altera/12.1sp1/quartus/bin/perl" --sopc_lib_path="++c:/altera/12.1sp1/quartus/../ip/altera/sopc_builder_ip+c:/altera/12.1sp1/quartus/../ip/altera/nios2_ip"
No .sopc_builder configuration file(!)
.
# 2020.02.29 18:48:42 (*) Success: sopc_builder finished.
Info: pio_0: "qlab5" instantiated altera_avalon_pio "pio_0"
Info: nios2_qsys_0_instruction_master_translator: "qlab5" instantiated altera_merlin_master_translator "nios2_qsys_0_instruction_master_translator"
Info: onchip_memory2_0_s1_translator: "qlab5" instantiated altera_merlin_slave_translator "onchip_memory2_0_s1_translator"
Info: nios2_qsys_0_instruction_master_translator_avalon_universal_master_0_agent: "qlab5" instantiated altera_merlin_master_agent "nios2_qsys_0_instruction_master_translator_avalon_universal_master_0_agent"
Info: onchip_memory2_0_s1_translator_avalon_universal_slave_0_agent: "qlab5" instantiated altera_merlin_slave_agent "onchip_memory2_0_s1_translator_avalon_universal_slave_0_agent"
Info: onchip_memory2_0_s1_translator_avalon_universal_slave_0_agent_rsp_fifo: "qlab5" instantiated altera_avalon_sc_fifo "onchip_memory2_0_s1_translator_avalon_universal_slave_0_agent_rsp_fifo"
Info: addr_router: "qlab5" instantiated altera_merlin_router "addr_router"
Info: id_router: "qlab5" instantiated altera_merlin_router "id_router"
Info: rst_controller: "qlab5" instantiated altera_reset_controller "rst_controller"
Info: cmd_xbar_demux: "qlab5" instantiated altera_merlin_demultiplexer "cmd_xbar_demux"
Info: irq_mapper: "qlab5" instantiated altera_irq_mapper "irq_mapper"
Info: qlab5: Done qlab5" with 14 modules, 28 files, 389951 bytes
Info: ip-generate succeeded.
Info: Finished: Create simulation model
Info: Starting: Create Modelsim Project.
Info: sim-script-gen --spd=E:/study/Labs/Verify/qlab5/qlab5.spd --output-directory=E:/study/Labs/Verify/qlab5/qlab5/simulation/
Info: Doing: ip-make-simscript --spd=E:/study/Labs/Verify/qlab5/qlab5.spd --output-directory=E:/study/Labs/Verify/qlab5/qlab5/simulation/
Info: Generating the following file(s) for MODELSIM simulator in E:/study/Labs/Verify/qlab5/qlab5/simulation/ directory:
Info: 	mentor/msim_setup.tcl
Info: Generating the following file(s) for VCS simulator in E:/study/Labs/Verify/qlab5/qlab5/simulation/ directory:
Info: 	synopsys/vcs/vcs_setup.sh
Info: Generating the following file(s) for VCSMX simulator in E:/study/Labs/Verify/qlab5/qlab5/simulation/ directory:
Info: 	synopsys/vcsmx/synopsys_sim.setup
Info: 	synopsys/vcsmx/vcsmx_setup.sh
Info: Generating the following file(s) for NCSIM simulator in E:/study/Labs/Verify/qlab5/qlab5/simulation/ directory:
Info: 	cadence/cds.lib
Info: 	cadence/hdl.var
Info: 	cadence/ncsim_setup.sh
Info: 	13 .cds.lib files in cadence/cds_libs/ directory
Info: Generating the following file(s) for RIVIERAPRO simulator in E:/study/Labs/Verify/qlab5/qlab5/simulation/ directory:
Info: 	aldec/rivierapro_setup.tcl
Info: Finished: Create Modelsim Project.
Info: Starting: Create block symbol file (.bsf)
Info: ip-generate --project-directory=E:/study/Labs/Verify/qlab5/ --output-directory=E:/study/Labs/Verify/qlab5/qlab5/ --report-file=bsf:E:/study/Labs/Verify/qlab5/qlab5.bsf --system-info=DEVICE_FAMILY="Cyclone II" --system-info=DEVICE=EP2C5Q208C8 --system-info=DEVICE_SPEEDGRADE=8 --component-file=E:/study/Labs/Verify/qlab5/qlab5.qsys
Progress: Loading qlab5/qlab5.qsys
Progress: Reading input file
Progress: Adding clk_0 [clock_source 12.1]
Progress: Parameterizing module clk_0
Progress: Adding nios2_qsys_0 [altera_nios2_qsys 12.1]
Progress: Parameterizing module nios2_qsys_0
Progress: Adding onchip_memory2_0 [altera_avalon_onchip_memory2 12.1]
Progress: Parameterizing module onchip_memory2_0
Progress: Adding pio_0 [altera_avalon_pio 12.1]
Progress: Parameterizing module pio_0
Progress: Building connections
Progress: Parameterizing connections
Progress: Validating
Progress: Done reading input file
Warning: qlab5.nios2_qsys_0: No Debugger.  You will not be able to download or debug programs
Info: qlab5.onchip_memory2_0: Memory will be initialized from onchip_memory2_0.hex
Info: ip-generate succeeded.
Info: Finished: Create block symbol file (.bsf)
Info: 
Info: Starting: Create HDL design files for synthesis
Info: ip-generate --project-directory=E:/study/Labs/Verify/qlab5/ --output-directory=E:/study/Labs/Verify/qlab5/qlab5/synthesis/ --file-set=QUARTUS_SYNTH --report-file=sopcinfo:E:/study/Labs/Verify/qlab5/qlab5.sopcinfo --report-file=html:E:/study/Labs/Verify/qlab5/qlab5.html --report-file=qip:E:/study/Labs/Verify/qlab5/qlab5/synthesis/qlab5.qip --report-file=cmp:E:/study/Labs/Verify/qlab5/qlab5.cmp --system-info=DEVICE_FAMILY="Cyclone II" --system-info=DEVICE=EP2C5Q208C8 --system-info=DEVICE_SPEEDGRADE=8 --component-file=E:/study/Labs/Verify/qlab5/qlab5.qsys
Progress: Loading qlab5/qlab5.qsys
Progress: Reading input file
Progress: Adding clk_0 [clock_source 12.1]
Progress: Parameterizing module clk_0
Progress: Adding nios2_qsys_0 [altera_nios2_qsys 12.1]
Progress: Parameterizing module nios2_qsys_0
Progress: Adding onchip_memory2_0 [altera_avalon_onchip_memory2 12.1]
Progress: Parameterizing module onchip_memory2_0
Progress: Adding pio_0 [altera_avalon_pio 12.1]
Progress: Parameterizing module pio_0
Progress: Building connections
Progress: Parameterizing connections
Progress: Validating
Progress: Done reading input file
Warning: qlab5.nios2_qsys_0: No Debugger.  You will not be able to download or debug programs
Info: qlab5.onchip_memory2_0: Memory will be initialized from onchip_memory2_0.hex
Info: qlab5: Generating qlab5 "qlab5" for QUARTUS_SYNTH
Info: pipeline_bridge_swap_transform: After transform: 4 modules, 8 connections
Info: No custom instruction connections, skipping transform 
Info: merlin_translator_transform: After transform: 8 modules, 20 connections
Info: merlin_domain_transform: After transform: 12 modules, 38 connections
Info: merlin_router_transform: After transform: 14 modules, 44 connections
Info: reset_adaptation_transform: After transform: 15 modules, 46 connections
Info: merlin_network_to_switch_transform: After transform: 18 modules, 52 connections
Info: merlin_interrupt_mapper_transform: After transform: 19 modules, 55 connections
Info: nios2_qsys_0: Starting RTL generation for module 'qlab5_nios2_qsys_0'
Info: nios2_qsys_0:   Generation command is [exec C:/altera/12.1sp1/quartus/../ip/altera/nios2_ip/altera_nios2/eperl.exe -I C:/altera/12.1sp1/quartus/common/ip/altera/common/perl/5.8.3 -I C:/altera/12.1sp1/quartus/sopc_builder/bin/europa -I C:/altera/12.1sp1/quartus/sopc_builder/bin/perl_lib -I C:/altera/12.1sp1/quartus/sopc_builder/bin -I C:/altera/12.1sp1/quartus/../ip/altera/nios2_ip/altera_nios2/cpu_lib -I C:/altera/12.1sp1/quartus/../ip/altera/nios2_ip/altera_nios2/nios_lib -I C:/altera/12.1sp1/quartus/../ip/altera/nios2_ip/altera_nios2 -I C:/altera/12.1sp1/quartus/../ip/altera/nios2_ip/altera_nios2 -- C:/altera/12.1sp1/quartus/../ip/altera/nios2_ip/altera_nios2/generate_rtl.epl --name=qlab5_nios2_qsys_0 --dir=C:/Users/MARO4_~1/AppData/Local/Temp/alt8321_4810656303278508058.dir/0130_nios2_qsys_0_gen/ --quartus_dir=C:/altera/12.1sp1/quartus --verilog --config=C:/Users/MARO4_~1/AppData/Local/Temp/alt8321_4810656303278508058.dir/0130_nios2_qsys_0_gen//qlab5_nios2_qsys_0_processor_configuration.pl  --do_build_sim=0    --bogus  ]
Info: nios2_qsys_0: # 2020.02.29 18:48:47 (*) Starting Nios II generation
Info: nios2_qsys_0: # 2020.02.29 18:48:47 (*)   Checking for plaintext license.
Info: nios2_qsys_0: # 2020.02.29 18:48:47 (*)   Couldn't query license setup in Quartus directory C:/altera/12.1sp1/quartus
Info: nios2_qsys_0: # 2020.02.29 18:48:47 (*)   Defaulting to contents of LM_LICENSE_FILE environment variable
Info: nios2_qsys_0: # 2020.02.29 18:48:48 (*)   Plaintext license not found.
Info: nios2_qsys_0: # 2020.02.29 18:48:48 (*)   No license required to generate encrypted Nios II/e.
Info: nios2_qsys_0: # 2020.02.29 18:48:48 (*)   Elaborating CPU configuration settings
Info: nios2_qsys_0: # 2020.02.29 18:48:48 (*)   Creating all objects for CPU
Info: nios2_qsys_0: # 2020.02.29 18:48:48 (*)   Generating RTL from CPU objects
Info: nios2_qsys_0: # 2020.02.29 18:48:48 (*)   Creating plain-text RTL
Info: nios2_qsys_0: # 2020.02.29 18:48:49 (*) Done Nios II generation
Info: nios2_qsys_0: Done RTL generation for module 'qlab5_nios2_qsys_0'
Info: nios2_qsys_0: "qlab5" instantiated altera_nios2_qsys "nios2_qsys_0"
Info: Starting classic module elaboration.
      1 [main] sh 11180 find_fast_cwd: WARNING: Couldn't compute FAST_CWD pointer.  Please report this problem to
the public mailing list cygwin@cygwin.com
Qt: Untested Windows version 6.2 detected!
"c:/altera/12.1sp1/quartus/bin/jre/bin/java.exe" -Xmx512M -classpath "c:/altera/12.1sp1/quartus/sopc_builder/bin/sopc_builder.jar;c:/altera/12.1sp1/quartus/sopc_builder/bin/PinAssigner.jar;c:/altera/12.1sp1/quartus/sopc_builder/bin/sopc_wizard.jar;c:/altera/12.1sp1/quartus/sopc_builder/bin/jptf.jar" sopc_builder.sopc_builder  -d"c:/altera/12.1sp1/quartus/sopc_builder" -notalkback=1 -projectnameyysystem.qpf -projectpathC:/Users/MARO4_~1/AppData/Local/Temp/alt8321_4810656303278508058.dir/0131_sopclgen  --no_splash --refresh C:/Users/MARO4_~1/AppData/Local/Temp/alt8321_4810656303278508058.dir/0131_sopclgen/yysystem.v --quartus_dir="c:/altera/12.1sp1/quartus" --sopc_perl="c:/altera/12.1sp1/quartus/bin/perl" --sopc_lib_path="++c:/altera/12.1sp1/quartus/../ip/altera/sopc_builder_ip+c:/altera/12.1sp1/quartus/../ip/altera/nios2_ip"
Info: Finished elaborating classic module.
Executing: C:/altera/12.1sp1/quartus//sopc_builder/bin/sopc_builder --classic --generate C:/Users/MARO4_~1/AppData/Local/Temp/alt8321_4810656303278508058.dir/0131_sopclgen/yysystem.ptf
Info: Running sopc_builder...
      1 [main] sh 6520 find_fast_cwd: WARNING: Couldn't compute FAST_CWD pointer.  Please report this problem to
the public mailing list cygwin@cygwin.com
Qt: Untested Windows version 6.2 detected!
"c:/altera/12.1sp1/quartus/bin/jre/bin/java.exe" -Xmx512M -classpath "c:/altera/12.1sp1/quartus/sopc_builder/bin/sopc_builder.jar;c:/altera/12.1sp1/quartus/sopc_builder/bin/PinAssigner.jar;c:/altera/12.1sp1/quartus/sopc_builder/bin/sopc_wizard.jar;c:/altera/12.1sp1/quartus/sopc_builder/bin/jptf.jar" sopc_builder.sopc_builder  -d"c:/altera/12.1sp1/quartus/sopc_builder" -notalkback=1 -projectnameyysystem.qpf -projectpathC:/Users/MARO4_~1/AppData/Local/Temp/alt8321_4810656303278508058.dir/0131_sopclgen  --generate C:/Users/MARO4_~1/AppData/Local/Temp/alt8321_4810656303278508058.dir/0131_sopclgen/yysystem.v --quartus_dir="c:/altera/12.1sp1/quartus" --sopc_perl="c:/altera/12.1sp1/quartus/bin/perl" --sopc_lib_path="++c:/altera/12.1sp1/quartus/../ip/altera/sopc_builder_ip+c:/altera/12.1sp1/quartus/../ip/altera/nios2_ip"
No .sopc_builder configuration file(!)
.
# 2020.02.29 18:48:54 (*) Success: sopc_builder finished.
Info: onchip_memory2_0: "qlab5" instantiated altera_avalon_onchip_memory2 "onchip_memory2_0"
Info: Starting classic module elaboration.
      1 [main] sh 2080 find_fast_cwd: WARNING: Couldn't compute FAST_CWD pointer.  Please report this problem to
the public mailing list cygwin@cygwin.com
Qt: Untested Windows version 6.2 detected!
"c:/altera/12.1sp1/quartus/bin/jre/bin/java.exe" -Xmx512M -classpath "c:/altera/12.1sp1/quartus/sopc_builder/bin/sopc_builder.jar;c:/altera/12.1sp1/quartus/sopc_builder/bin/PinAssigner.jar;c:/altera/12.1sp1/quartus/sopc_builder/bin/sopc_wizard.jar;c:/altera/12.1sp1/quartus/sopc_builder/bin/jptf.jar" sopc_builder.sopc_builder  -d"c:/altera/12.1sp1/quartus/sopc_builder" -notalkback=1 -projectnameyysystem.qpf -projectpathC:/Users/MARO4_~1/AppData/Local/Temp/alt8321_4810656303278508058.dir/0132_sopclgen  --no_splash --refresh C:/Users/MARO4_~1/AppData/Local/Temp/alt8321_4810656303278508058.dir/0132_sopclgen/yysystem.v --quartus_dir="c:/altera/12.1sp1/quartus" --sopc_perl="c:/altera/12.1sp1/quartus/bin/perl" --sopc_lib_path="++c:/altera/12.1sp1/quartus/../ip/altera/sopc_builder_ip+c:/altera/12.1sp1/quartus/../ip/altera/nios2_ip"
Info: Finished elaborating classic module.
Executing: C:/altera/12.1sp1/quartus//sopc_builder/bin/sopc_builder --classic --generate C:/Users/MARO4_~1/AppData/Local/Temp/alt8321_4810656303278508058.dir/0132_sopclgen/yysystem.ptf
Info: Running sopc_builder...
      1 [main] sh 8732 find_fast_cwd: WARNING: Couldn't compute FAST_CWD pointer.  Please report this problem to
the public mailing list cygwin@cygwin.com
Qt: Untested Windows version 6.2 detected!
"c:/altera/12.1sp1/quartus/bin/jre/bin/java.exe" -Xmx512M -classpath "c:/altera/12.1sp1/quartus/sopc_builder/bin/sopc_builder.jar;c:/altera/12.1sp1/quartus/sopc_builder/bin/PinAssigner.jar;c:/altera/12.1sp1/quartus/sopc_builder/bin/sopc_wizard.jar;c:/altera/12.1sp1/quartus/sopc_builder/bin/jptf.jar" sopc_builder.sopc_builder  -d"c:/altera/12.1sp1/quartus/sopc_builder" -notalkback=1 -projectnameyysystem.qpf -projectpathC:/Users/MARO4_~1/AppData/Local/Temp/alt8321_4810656303278508058.dir/0132_sopclgen  --generate C:/Users/MARO4_~1/AppData/Local/Temp/alt8321_4810656303278508058.dir/0132_sopclgen/yysystem.v --quartus_dir="c:/altera/12.1sp1/quartus" --sopc_perl="c:/altera/12.1sp1/quartus/bin/perl" --sopc_lib_path="++c:/altera/12.1sp1/quartus/../ip/altera/sopc_builder_ip+c:/altera/12.1sp1/quartus/../ip/altera/nios2_ip"
No .sopc_builder configuration file(!)
.
# 2020.02.29 18:49:01 (*) Success: sopc_builder finished.
Info: pio_0: "qlab5" instantiated altera_avalon_pio "pio_0"
Info: nios2_qsys_0_instruction_master_translator: "qlab5" instantiated altera_merlin_master_translator "nios2_qsys_0_instruction_master_translator"
Info: onchip_memory2_0_s1_translator: "qlab5" instantiated altera_merlin_slave_translator "onchip_memory2_0_s1_translator"
Info: nios2_qsys_0_instruction_master_translator_avalon_universal_master_0_agent: "qlab5" instantiated altera_merlin_master_agent "nios2_qsys_0_instruction_master_translator_avalon_universal_master_0_agent"
Info: onchip_memory2_0_s1_translator_avalon_universal_slave_0_agent: "qlab5" instantiated altera_merlin_slave_agent "onchip_memory2_0_s1_translator_avalon_universal_slave_0_agent"
Info: onchip_memory2_0_s1_translator_avalon_universal_slave_0_agent_rsp_fifo: "qlab5" instantiated altera_avalon_sc_fifo "onchip_memory2_0_s1_translator_avalon_universal_slave_0_agent_rsp_fifo"
Info: addr_router: "qlab5" instantiated altera_merlin_router "addr_router"
Info: id_router: "qlab5" instantiated altera_merlin_router "id_router"
Info: rst_controller: "qlab5" instantiated altera_reset_controller "rst_controller"
Info: cmd_xbar_demux: "qlab5" instantiated altera_merlin_demultiplexer "cmd_xbar_demux"
Info: irq_mapper: "qlab5" instantiated altera_irq_mapper "irq_mapper"
Info: qlab5: Done qlab5" with 14 modules, 24 files, 386305 bytes
Info: ip-generate succeeded.
Info: Finished: Create HDL design files for synthesis
